Solid Edge Translation to STL
Date: Friday,August 29,2025 08:40PM
Source File:E:\CTII\Carrito de golf\3D\tag_v3_base.par
Source System: SOLID EDGE

Hardware:
Processor: 11th Gen Intel(R) Core(TM) i7-11370H @ 3.30GHz
Operating System: Windows 10
Installed Memory: 39.69 GB

Software Information:
Parasolid Version: 36.0.142
PSBodyshop Version: 36.0.108
STL Adapter Version: 13.0.193
Solid Edge Version: 224.00.00.101 x64

STL Export Options:
Output File Format:BINARY
Export Displayed Parts:On
structureOption: Monolithic
Export Units:Millimeter
Export Tolerance Value:0.001000
Export Tolerance Type:Fine
Export Surface Plane Angle Value:0.523599

Translation progress:
Translation process completed
Time required to translate:00 : 00 : 01
